[INFO ] 2023-08-30 14:08:23.093 [main] RestAssuredAutomationFramework-create User exected
[INFO ] 2023-08-30 14:08:24.119 [main] RestAssuredAutomationFramework-create User exected
[INFO ] 2023-08-30 14:08:25.254 [main] RestAssuredAutomationFramework-Get User exected
[INFO ] 2023-08-30 14:08:26.301 [main] RestAssuredAutomationFramework-Get User exected
[INFO ] 2023-08-30 14:08:27.716 [main] RestAssuredAutomationFramework-Update User exected
[INFO ] 2023-08-30 14:08:29.154 [main] RestAssuredAutomationFramework-Update User exected
[INFO ] 2023-08-30 14:08:30.355 [main] RestAssuredAutomationFramework-Login User exected
[INFO ] 2023-08-30 14:08:31.388 [main] RestAssuredAutomationFramework-Login User exected
[INFO ] 2023-08-30 14:08:32.466 [main] RestAssuredAutomationFramework-Delete User exected
[INFO ] 2023-08-30 14:08:33.485 [main] RestAssuredAutomationFramework-Delete User exected
[INFO ] 2023-08-30 14:08:34.471 [main] RestAssuredAutomationFramework-Logout User exected
[INFO ] 2023-08-30 17:01:44.810 [main] RestAssuredAutomationFramework-create User exected
[INFO ] 2023-08-30 17:01:46.374 [main] RestAssuredAutomationFramework-create User exected
[INFO ] 2023-08-30 17:01:47.895 [main] RestAssuredAutomationFramework-Get User exected
[INFO ] 2023-08-30 17:01:49.445 [main] RestAssuredAutomationFramework-Get User exected
[INFO ] 2023-08-30 17:01:51.082 [main] RestAssuredAutomationFramework-Update User exected
[INFO ] 2023-08-30 17:01:52.517 [main] RestAssuredAutomationFramework-Update User exected
[INFO ] 2023-08-30 17:01:54.154 [main] RestAssuredAutomationFramework-Login User exected
[INFO ] 2023-08-30 17:01:55.693 [main] RestAssuredAutomationFramework-Login User exected
[INFO ] 2023-08-30 17:01:57.225 [main] RestAssuredAutomationFramework-Delete User exected
[INFO ] 2023-08-30 17:01:58.763 [main] RestAssuredAutomationFramework-Delete User exected
[INFO ] 2023-08-30 17:02:00.299 [main] RestAssuredAutomationFramework-Logout User exected
[INFO ] 2023-09-03 16:36:23.914 [main] RestAssuredAutomationFramework-create User exected
[INFO ] 2023-09-03 16:36:25.041 [main] RestAssuredAutomationFramework-create User exected
[INFO ] 2023-09-03 16:36:26.555 [main] RestAssuredAutomationFramework-Get User exected
[INFO ] 2023-09-03 16:36:28.291 [main] RestAssuredAutomationFramework-Get User exected
[INFO ] 2023-09-03 16:36:29.923 [main] RestAssuredAutomationFramework-Update User exected
[INFO ] 2023-09-03 16:36:31.674 [main] RestAssuredAutomationFramework-Update User exected
[INFO ] 2023-09-03 16:36:34.642 [main] RestAssuredAutomationFramework-Login User exected
[INFO ] 2023-09-03 16:36:36.282 [main] RestAssuredAutomationFramework-Login User exected
[INFO ] 2023-09-03 16:36:37.918 [main] RestAssuredAutomationFramework-Delete User exected
[INFO ] 2023-09-03 16:36:39.556 [main] RestAssuredAutomationFramework-Delete User exected
[INFO ] 2023-09-03 16:36:42.209 [main] RestAssuredAutomationFramework-Logout User exected
[INFO ] 2023-09-03 16:38:05.766 [main] RestAssuredAutomationFramework-create User exected
[INFO ] 2023-09-03 16:38:07.315 [main] RestAssuredAutomationFramework-create User exected
[INFO ] 2023-09-03 16:38:08.868 [main] RestAssuredAutomationFramework-Get User exected
[INFO ] 2023-09-03 16:38:10.412 [main] RestAssuredAutomationFramework-Get User exected
[INFO ] 2023-09-03 16:38:12.024 [main] RestAssuredAutomationFramework-Update User exected
[INFO ] 2023-09-03 16:38:13.462 [main] RestAssuredAutomationFramework-Update User exected
[INFO ] 2023-09-03 16:38:16.634 [main] RestAssuredAutomationFramework-Login User exected
[INFO ] 2023-09-03 16:38:18.285 [main] RestAssuredAutomationFramework-Login User exected
[INFO ] 2023-09-03 16:38:20.629 [main] RestAssuredAutomationFramework-Delete User exected
[INFO ] 2023-09-03 16:38:21.959 [main] RestAssuredAutomationFramework-Delete User exected
[INFO ] 2023-09-03 16:38:23.396 [main] RestAssuredAutomationFramework-Logout User exected
